[INFO 2017-09-29 18:25:23,788 demo.py:213] Namespace(batch_size=64, bg_move=False, bg_noise=0.5, bidirection=False, data='nyuv2', diff_div_thresh=1.25, display=False, display_all=False, fg_noise=0.1, fixed_data=False, image_channel=3, image_size=64, init_model_path='', learning_rate=0.001, max_diff_thresh=0.1, method='unsupervised', min_diff_thresh=0.01, motion_range=2, motion_type='affine', num_frame=3, num_objects=1, save_dir='./', save_display=False, save_display_dir='./', seed=111, test=False, test_epoch=20, test_gt=False, test_interval=200, train=True, train_epoch=2000)
[INFO 2017-09-29 18:25:27,265 demo.py:73] epoch 0, train loss: 58637.12, average train loss: 58637.12, base loss: 20211.23
[INFO 2017-09-29 18:25:28,841 demo.py:73] epoch 1, train loss: 52542.40, average train loss: 55589.76, base loss: 19641.48
[INFO 2017-09-29 18:25:30,411 demo.py:73] epoch 2, train loss: 45583.62, average train loss: 52254.38, base loss: 19370.80
[INFO 2017-09-29 18:25:31,852 demo.py:73] epoch 3, train loss: 44239.27, average train loss: 50250.60, base loss: 19143.32
[INFO 2017-09-29 18:25:33,288 demo.py:73] epoch 4, train loss: 44224.12, average train loss: 49045.31, base loss: 19180.24
[INFO 2017-09-29 18:25:34,711 demo.py:73] epoch 5, train loss: 38338.27, average train loss: 47260.80, base loss: 19201.34
[INFO 2017-09-29 18:25:36,133 demo.py:73] epoch 6, train loss: 36947.34, average train loss: 45787.45, base loss: 19406.85
[INFO 2017-09-29 18:25:37,562 demo.py:73] epoch 7, train loss: 36863.20, average train loss: 44671.92, base loss: 19792.09
[INFO 2017-09-29 18:25:39,011 demo.py:73] epoch 8, train loss: 32837.05, average train loss: 43356.93, base loss: 19789.96
[INFO 2017-09-29 18:25:40,443 demo.py:73] epoch 9, train loss: 28398.92, average train loss: 41861.13, base loss: 19588.80
[INFO 2017-09-29 18:25:41,842 demo.py:73] epoch 10, train loss: 29032.31, average train loss: 40694.87, base loss: 19590.08
[INFO 2017-09-29 18:25:43,266 demo.py:73] epoch 11, train loss: 28611.59, average train loss: 39687.93, base loss: 19644.76
[INFO 2017-09-29 18:25:44,709 demo.py:73] epoch 12, train loss: 28811.77, average train loss: 38851.31, base loss: 19789.32
[INFO 2017-09-29 18:25:46,153 demo.py:73] epoch 13, train loss: 25732.29, average train loss: 37914.23, base loss: 19734.65
[INFO 2017-09-29 18:25:47,572 demo.py:73] epoch 14, train loss: 23535.18, average train loss: 36955.63, base loss: 19588.54
[INFO 2017-09-29 18:25:48,983 demo.py:73] epoch 15, train loss: 25065.60, average train loss: 36212.50, base loss: 19671.50
[INFO 2017-09-29 18:25:50,412 demo.py:73] epoch 16, train loss: 23973.67, average train loss: 35492.57, base loss: 19729.70
[INFO 2017-09-29 18:25:51,804 demo.py:73] epoch 17, train loss: 23379.78, average train loss: 34819.64, base loss: 19782.28
[INFO 2017-09-29 18:25:53,210 demo.py:73] epoch 18, train loss: 22110.72, average train loss: 34150.75, base loss: 19807.18
[INFO 2017-09-29 18:25:54,634 demo.py:73] epoch 19, train loss: 22034.26, average train loss: 33544.92, base loss: 19831.40
[INFO 2017-09-29 18:25:56,047 demo.py:73] epoch 20, train loss: 20139.63, average train loss: 32906.58, base loss: 19779.61
[INFO 2017-09-29 18:25:57,451 demo.py:73] epoch 21, train loss: 18749.41, average train loss: 32263.07, base loss: 19651.58
[INFO 2017-09-29 18:25:58,921 demo.py:73] epoch 22, train loss: 20583.67, average train loss: 31755.27, base loss: 19693.30
[INFO 2017-09-29 18:26:00,363 demo.py:73] epoch 23, train loss: 20090.96, average train loss: 31269.26, base loss: 19701.54
[INFO 2017-09-29 18:26:01,772 demo.py:73] epoch 24, train loss: 19728.86, average train loss: 30807.64, base loss: 19738.73
[INFO 2017-09-29 18:26:03,173 demo.py:73] epoch 25, train loss: 19341.56, average train loss: 30366.64, base loss: 19769.88
[INFO 2017-09-29 18:26:04,617 demo.py:73] epoch 26, train loss: 19748.04, average train loss: 29973.36, base loss: 19812.14
[INFO 2017-09-29 18:26:06,032 demo.py:73] epoch 27, train loss: 16130.73, average train loss: 29478.98, base loss: 19724.29
[INFO 2017-09-29 18:26:07,457 demo.py:73] epoch 28, train loss: 18414.96, average train loss: 29097.46, base loss: 19764.24
[INFO 2017-09-29 18:26:08,893 demo.py:73] epoch 29, train loss: 17547.19, average train loss: 28712.45, base loss: 19763.17
[INFO 2017-09-29 18:26:10,318 demo.py:73] epoch 30, train loss: 15845.64, average train loss: 28297.39, base loss: 19697.25
[INFO 2017-09-29 18:26:11,741 demo.py:73] epoch 31, train loss: 15362.71, average train loss: 27893.18, base loss: 19614.69
[INFO 2017-09-29 18:26:13,235 demo.py:73] epoch 32, train loss: 16984.28, average train loss: 27562.61, base loss: 19616.07
[INFO 2017-09-29 18:26:14,632 demo.py:73] epoch 33, train loss: 17479.96, average train loss: 27266.06, base loss: 19625.50
[INFO 2017-09-29 18:26:16,089 demo.py:73] epoch 34, train loss: 17081.08, average train loss: 26975.06, base loss: 19624.40
[INFO 2017-09-29 18:26:17,562 demo.py:73] epoch 35, train loss: 14982.15, average train loss: 26641.92, base loss: 19569.80
[INFO 2017-09-29 18:26:19,152 demo.py:73] epoch 36, train loss: 16084.06, average train loss: 26356.58, base loss: 19578.20
[INFO 2017-09-29 18:26:20,816 demo.py:73] epoch 37, train loss: 14718.99, average train loss: 26050.32, base loss: 19536.91
[INFO 2017-09-29 18:26:22,494 demo.py:73] epoch 38, train loss: 14820.96, average train loss: 25762.39, base loss: 19506.98
[INFO 2017-09-29 18:26:24,162 demo.py:73] epoch 39, train loss: 15785.17, average train loss: 25512.96, base loss: 19506.95
[INFO 2017-09-29 18:26:25,817 demo.py:73] epoch 40, train loss: 14914.48, average train loss: 25254.46, base loss: 19474.54
[INFO 2017-09-29 18:26:27,549 demo.py:73] epoch 41, train loss: 14628.98, average train loss: 25001.47, base loss: 19443.14
[INFO 2017-09-29 18:26:29,244 demo.py:73] epoch 42, train loss: 14878.36, average train loss: 24766.05, base loss: 19429.57
[INFO 2017-09-29 18:26:30,918 demo.py:73] epoch 43, train loss: 14355.44, average train loss: 24529.45, base loss: 19403.30
[INFO 2017-09-29 18:26:32,607 demo.py:73] epoch 44, train loss: 14847.21, average train loss: 24314.29, base loss: 19381.79
[INFO 2017-09-29 18:26:34,304 demo.py:73] epoch 45, train loss: 15341.23, average train loss: 24119.22, base loss: 19391.45
[INFO 2017-09-29 18:26:35,966 demo.py:73] epoch 46, train loss: 14513.63, average train loss: 23914.85, base loss: 19378.84
[INFO 2017-09-29 18:26:37,630 demo.py:73] epoch 47, train loss: 14644.79, average train loss: 23721.72, base loss: 19364.20
[INFO 2017-09-29 18:26:39,277 demo.py:73] epoch 48, train loss: 14931.29, average train loss: 23542.32, base loss: 19370.15
[INFO 2017-09-29 18:26:40,928 demo.py:73] epoch 49, train loss: 15272.43, average train loss: 23376.93, base loss: 19394.13
[INFO 2017-09-29 18:26:42,611 demo.py:73] epoch 50, train loss: 14395.36, average train loss: 23200.82, base loss: 19337.27
[INFO 2017-09-29 18:26:44,272 demo.py:73] epoch 51, train loss: 15018.16, average train loss: 23043.46, base loss: 19343.20
[INFO 2017-09-29 18:26:45,920 demo.py:73] epoch 52, train loss: 15354.53, average train loss: 22898.38, base loss: 19378.97
[INFO 2017-09-29 18:26:47,597 demo.py:73] epoch 53, train loss: 14357.56, average train loss: 22740.22, base loss: 19383.79
[INFO 2017-09-29 18:26:49,260 demo.py:73] epoch 54, train loss: 15153.99, average train loss: 22602.29, base loss: 19397.92
[INFO 2017-09-29 18:26:50,927 demo.py:73] epoch 55, train loss: 14908.71, average train loss: 22464.90, base loss: 19403.39
[INFO 2017-09-29 18:26:52,603 demo.py:73] epoch 56, train loss: 14010.12, average train loss: 22316.57, base loss: 19397.52
[INFO 2017-09-29 18:26:54,244 demo.py:73] epoch 57, train loss: 13976.37, average train loss: 22172.78, base loss: 19399.28
[INFO 2017-09-29 18:26:55,935 demo.py:73] epoch 58, train loss: 14981.06, average train loss: 22050.88, base loss: 19417.13
[INFO 2017-09-29 18:26:57,618 demo.py:73] epoch 59, train loss: 15307.50, average train loss: 21938.49, base loss: 19425.70
[INFO 2017-09-29 18:26:59,267 demo.py:73] epoch 60, train loss: 14715.05, average train loss: 21820.08, base loss: 19422.72
[INFO 2017-09-29 18:27:00,931 demo.py:73] epoch 61, train loss: 14377.93, average train loss: 21700.04, base loss: 19417.07
[INFO 2017-09-29 18:27:02,641 demo.py:73] epoch 62, train loss: 14033.65, average train loss: 21578.35, base loss: 19417.69
[INFO 2017-09-29 18:27:04,288 demo.py:73] epoch 63, train loss: 14093.37, average train loss: 21461.40, base loss: 19398.55
[INFO 2017-09-29 18:27:05,986 demo.py:73] epoch 64, train loss: 13841.94, average train loss: 21344.18, base loss: 19385.23
[INFO 2017-09-29 18:27:07,680 demo.py:73] epoch 65, train loss: 14764.78, average train loss: 21244.49, base loss: 19397.99
[INFO 2017-09-29 18:27:09,324 demo.py:73] epoch 66, train loss: 15335.68, average train loss: 21156.30, base loss: 19415.19
[INFO 2017-09-29 18:27:11,003 demo.py:73] epoch 67, train loss: 13784.06, average train loss: 21047.88, base loss: 19404.63
[INFO 2017-09-29 18:27:12,661 demo.py:73] epoch 68, train loss: 14774.68, average train loss: 20956.97, base loss: 19425.26
[INFO 2017-09-29 18:27:14,337 demo.py:73] epoch 69, train loss: 14141.67, average train loss: 20859.61, base loss: 19418.15
[INFO 2017-09-29 18:27:16,029 demo.py:73] epoch 70, train loss: 15047.74, average train loss: 20777.75, base loss: 19445.36
[INFO 2017-09-29 18:27:17,685 demo.py:73] epoch 71, train loss: 14081.00, average train loss: 20684.74, base loss: 19440.85
[INFO 2017-09-29 18:27:19,363 demo.py:73] epoch 72, train loss: 14511.31, average train loss: 20600.17, base loss: 19429.19
[INFO 2017-09-29 18:27:20,990 demo.py:73] epoch 73, train loss: 14659.78, average train loss: 20519.90, base loss: 19443.83
[INFO 2017-09-29 18:27:22,647 demo.py:73] epoch 74, train loss: 13166.01, average train loss: 20421.84, base loss: 19417.68
[INFO 2017-09-29 18:27:24,294 demo.py:73] epoch 75, train loss: 14342.14, average train loss: 20341.85, base loss: 19436.51
[INFO 2017-09-29 18:27:25,995 demo.py:73] epoch 76, train loss: 14484.26, average train loss: 20265.78, base loss: 19430.08
[INFO 2017-09-29 18:27:27,691 demo.py:73] epoch 77, train loss: 14766.92, average train loss: 20195.28, base loss: 19432.60
[INFO 2017-09-29 18:27:29,370 demo.py:73] epoch 78, train loss: 14980.29, average train loss: 20129.27, base loss: 19452.80
[INFO 2017-09-29 18:27:31,022 demo.py:73] epoch 79, train loss: 13779.76, average train loss: 20049.90, base loss: 19454.28
[INFO 2017-09-29 18:27:32,743 demo.py:73] epoch 80, train loss: 14586.69, average train loss: 19982.45, base loss: 19440.06
[INFO 2017-09-29 18:27:34,389 demo.py:73] epoch 81, train loss: 14708.73, average train loss: 19918.14, base loss: 19444.30
[INFO 2017-09-29 18:27:36,112 demo.py:73] epoch 82, train loss: 15044.11, average train loss: 19859.41, base loss: 19460.15
[INFO 2017-09-29 18:27:37,758 demo.py:73] epoch 83, train loss: 13982.85, average train loss: 19789.45, base loss: 19455.13
[INFO 2017-09-29 18:27:39,444 demo.py:73] epoch 84, train loss: 15613.39, average train loss: 19740.32, base loss: 19487.62
[INFO 2017-09-29 18:27:41,099 demo.py:73] epoch 85, train loss: 13844.41, average train loss: 19671.77, base loss: 19485.57
[INFO 2017-09-29 18:27:42,768 demo.py:73] epoch 86, train loss: 14150.66, average train loss: 19608.31, base loss: 19488.45
[INFO 2017-09-29 18:27:44,493 demo.py:73] epoch 87, train loss: 14362.20, average train loss: 19548.69, base loss: 19488.47
[INFO 2017-09-29 18:27:46,175 demo.py:73] epoch 88, train loss: 13987.87, average train loss: 19486.21, base loss: 19499.12
[INFO 2017-09-29 18:27:47,867 demo.py:73] epoch 89, train loss: 15275.71, average train loss: 19439.43, base loss: 19518.51
[INFO 2017-09-29 18:27:49,537 demo.py:73] epoch 90, train loss: 15271.44, average train loss: 19393.62, base loss: 19538.42
[INFO 2017-09-29 18:27:51,208 demo.py:73] epoch 91, train loss: 14459.56, average train loss: 19339.99, base loss: 19538.82
[INFO 2017-09-29 18:27:52,839 demo.py:73] epoch 92, train loss: 14331.82, average train loss: 19286.14, base loss: 19542.71
[INFO 2017-09-29 18:27:54,490 demo.py:73] epoch 93, train loss: 13371.33, average train loss: 19223.22, base loss: 19538.65
[INFO 2017-09-29 18:27:56,166 demo.py:73] epoch 94, train loss: 15098.65, average train loss: 19179.80, base loss: 19540.32
[INFO 2017-09-29 18:27:57,842 demo.py:73] epoch 95, train loss: 14544.98, average train loss: 19131.52, base loss: 19548.62
[INFO 2017-09-29 18:27:59,484 demo.py:73] epoch 96, train loss: 13683.63, average train loss: 19075.36, base loss: 19545.26
[INFO 2017-09-29 18:28:01,168 demo.py:73] epoch 97, train loss: 13416.94, average train loss: 19017.62, base loss: 19547.85
[INFO 2017-09-29 18:28:02,855 demo.py:73] epoch 98, train loss: 13167.44, average train loss: 18958.53, base loss: 19514.73
[INFO 2017-09-29 18:28:04,514 demo.py:73] epoch 99, train loss: 14092.37, average train loss: 18909.86, base loss: 19528.02
[INFO 2017-09-29 18:28:06,175 demo.py:73] epoch 100, train loss: 13539.24, average train loss: 18458.89, base loss: 19516.00
[INFO 2017-09-29 18:28:07,851 demo.py:73] epoch 101, train loss: 13190.16, average train loss: 18065.36, base loss: 19511.78
[INFO 2017-09-29 18:28:09,624 demo.py:73] epoch 102, train loss: 14592.18, average train loss: 17755.45, base loss: 19520.48
[INFO 2017-09-29 18:28:11,270 demo.py:73] epoch 103, train loss: 14533.19, average train loss: 17458.39, base loss: 19529.97
[INFO 2017-09-29 18:28:12,944 demo.py:73] epoch 104, train loss: 14666.47, average train loss: 17162.81, base loss: 19529.18
[INFO 2017-09-29 18:28:14,580 demo.py:73] epoch 105, train loss: 14773.11, average train loss: 16927.16, base loss: 19542.57
[INFO 2017-09-29 18:28:16,277 demo.py:73] epoch 106, train loss: 13988.42, average train loss: 16697.57, base loss: 19532.19
[INFO 2017-09-29 18:28:18,007 demo.py:73] epoch 107, train loss: 13581.32, average train loss: 16464.75, base loss: 19497.14
[INFO 2017-09-29 18:28:19,721 demo.py:73] epoch 108, train loss: 15133.81, average train loss: 16287.72, base loss: 19506.05
[INFO 2017-09-29 18:28:21,391 demo.py:73] epoch 109, train loss: 13493.83, average train loss: 16138.67, base loss: 19522.50
[INFO 2017-09-29 18:28:23,034 demo.py:73] epoch 110, train loss: 14391.02, average train loss: 15992.26, base loss: 19526.25
[INFO 2017-09-29 18:28:24,692 demo.py:73] epoch 111, train loss: 13809.75, average train loss: 15844.24, base loss: 19512.65
[INFO 2017-09-29 18:28:26,356 demo.py:73] epoch 112, train loss: 13349.96, average train loss: 15689.62, base loss: 19486.62
[INFO 2017-09-29 18:28:28,015 demo.py:73] epoch 113, train loss: 13887.84, average train loss: 15571.18, base loss: 19485.56
[INFO 2017-09-29 18:28:29,697 demo.py:73] epoch 114, train loss: 13281.67, average train loss: 15468.64, base loss: 19494.87
[INFO 2017-09-29 18:28:31,327 demo.py:73] epoch 115, train loss: 13538.01, average train loss: 15353.36, base loss: 19467.88
[INFO 2017-09-29 18:28:33,007 demo.py:73] epoch 116, train loss: 13571.40, average train loss: 15249.34, base loss: 19451.60
[INFO 2017-09-29 18:28:34,695 demo.py:73] epoch 117, train loss: 14675.39, average train loss: 15162.30, base loss: 19451.05
[INFO 2017-09-29 18:28:36,342 demo.py:73] epoch 118, train loss: 14169.98, average train loss: 15082.89, base loss: 19439.88
[INFO 2017-09-29 18:28:38,017 demo.py:73] epoch 119, train loss: 13700.48, average train loss: 14999.55, base loss: 19419.88
[INFO 2017-09-29 18:28:39,668 demo.py:73] epoch 120, train loss: 13243.01, average train loss: 14930.59, base loss: 19417.28
[INFO 2017-09-29 18:28:41,319 demo.py:73] epoch 121, train loss: 13694.81, average train loss: 14880.04, base loss: 19446.67
[INFO 2017-09-29 18:28:42,976 demo.py:73] epoch 122, train loss: 14442.35, average train loss: 14818.63, base loss: 19434.77
[INFO 2017-09-29 18:28:44,679 demo.py:73] epoch 123, train loss: 14622.47, average train loss: 14763.94, base loss: 19440.65
[INFO 2017-09-29 18:28:46,335 demo.py:73] epoch 124, train loss: 15075.94, average train loss: 14717.41, base loss: 19439.13
[INFO 2017-09-29 18:28:47,978 demo.py:73] epoch 125, train loss: 12451.41, average train loss: 14648.51, base loss: 19410.84
[INFO 2017-09-29 18:28:49,625 demo.py:73] epoch 126, train loss: 13144.57, average train loss: 14582.48, base loss: 19388.80
[INFO 2017-09-29 18:28:51,319 demo.py:73] epoch 127, train loss: 13894.07, average train loss: 14560.11, base loss: 19400.96
[INFO 2017-09-29 18:28:52,964 demo.py:73] epoch 128, train loss: 13669.57, average train loss: 14512.66, base loss: 19369.70
[INFO 2017-09-29 18:28:54,651 demo.py:73] epoch 129, train loss: 14410.78, average train loss: 14481.29, base loss: 19377.90
[INFO 2017-09-29 18:28:56,324 demo.py:73] epoch 130, train loss: 13649.29, average train loss: 14459.33, base loss: 19394.36
[INFO 2017-09-29 18:28:57,991 demo.py:73] epoch 131, train loss: 13200.47, average train loss: 14437.71, base loss: 19407.99
[INFO 2017-09-29 18:28:59,644 demo.py:73] epoch 132, train loss: 12560.95, average train loss: 14393.47, base loss: 19386.99
[INFO 2017-09-29 18:29:01,295 demo.py:73] epoch 133, train loss: 13331.68, average train loss: 14351.99, base loss: 19377.46
[INFO 2017-09-29 18:29:02,987 demo.py:73] epoch 134, train loss: 12901.48, average train loss: 14310.19, base loss: 19356.25
[INFO 2017-09-29 18:29:04,679 demo.py:73] epoch 135, train loss: 14321.45, average train loss: 14303.59, base loss: 19375.02
[INFO 2017-09-29 18:29:06,318 demo.py:73] epoch 136, train loss: 12832.10, average train loss: 14271.07, base loss: 19354.52
[INFO 2017-09-29 18:29:07,995 demo.py:73] epoch 137, train loss: 13991.13, average train loss: 14263.79, base loss: 19368.46
[INFO 2017-09-29 18:29:09,616 demo.py:73] epoch 138, train loss: 13233.04, average train loss: 14247.91, base loss: 19359.65
[INFO 2017-09-29 18:29:11,280 demo.py:73] epoch 139, train loss: 13770.00, average train loss: 14227.76, base loss: 19365.74
[INFO 2017-09-29 18:29:12,945 demo.py:73] epoch 140, train loss: 13755.94, average train loss: 14216.17, base loss: 19373.66
[INFO 2017-09-29 18:29:14,628 demo.py:73] epoch 141, train loss: 15344.17, average train loss: 14223.32, base loss: 19421.24
[INFO 2017-09-29 18:29:16,270 demo.py:73] epoch 142, train loss: 13816.87, average train loss: 14212.71, base loss: 19421.23
[INFO 2017-09-29 18:29:17,910 demo.py:73] epoch 143, train loss: 14364.54, average train loss: 14212.80, base loss: 19430.13
[INFO 2017-09-29 18:29:19,537 demo.py:73] epoch 144, train loss: 14153.57, average train loss: 14205.86, base loss: 19451.55
[INFO 2017-09-29 18:29:21,193 demo.py:73] epoch 145, train loss: 13770.39, average train loss: 14190.16, base loss: 19454.58
[INFO 2017-09-29 18:29:22,866 demo.py:73] epoch 146, train loss: 13508.65, average train loss: 14180.11, base loss: 19457.68
[INFO 2017-09-29 18:29:24,507 demo.py:73] epoch 147, train loss: 14104.90, average train loss: 14174.71, base loss: 19471.05
[INFO 2017-09-29 18:29:26,155 demo.py:73] epoch 148, train loss: 12667.64, average train loss: 14152.07, base loss: 19458.41
[INFO 2017-09-29 18:29:27,817 demo.py:73] epoch 149, train loss: 13914.49, average train loss: 14138.49, base loss: 19452.51
[INFO 2017-09-29 18:29:29,478 demo.py:73] epoch 150, train loss: 13422.55, average train loss: 14128.76, base loss: 19474.34
[INFO 2017-09-29 18:29:31,158 demo.py:73] epoch 151, train loss: 12399.37, average train loss: 14102.57, base loss: 19450.35
[INFO 2017-09-29 18:29:32,800 demo.py:73] epoch 152, train loss: 13525.75, average train loss: 14084.29, base loss: 19433.24
[INFO 2017-09-29 18:29:34,499 demo.py:73] epoch 153, train loss: 13994.85, average train loss: 14080.66, base loss: 19425.43
[INFO 2017-09-29 18:29:36,160 demo.py:73] epoch 154, train loss: 14289.88, average train loss: 14072.02, base loss: 19427.53
[INFO 2017-09-29 18:29:37,808 demo.py:73] epoch 155, train loss: 13107.78, average train loss: 14054.01, base loss: 19417.50
[INFO 2017-09-29 18:29:39,482 demo.py:73] epoch 156, train loss: 13053.97, average train loss: 14044.45, base loss: 19400.59
[INFO 2017-09-29 18:29:41,189 demo.py:73] epoch 157, train loss: 14642.22, average train loss: 14051.11, base loss: 19411.11
[INFO 2017-09-29 18:29:42,844 demo.py:73] epoch 158, train loss: 13560.94, average train loss: 14036.91, base loss: 19406.98
[INFO 2017-09-29 18:29:44,517 demo.py:73] epoch 159, train loss: 13430.42, average train loss: 14018.13, base loss: 19398.43
[INFO 2017-09-29 18:29:46,198 demo.py:73] epoch 160, train loss: 12978.91, average train loss: 14000.77, base loss: 19393.37
[INFO 2017-09-29 18:29:47,873 demo.py:73] epoch 161, train loss: 12747.31, average train loss: 13984.47, base loss: 19379.36
[INFO 2017-09-29 18:29:49,557 demo.py:73] epoch 162, train loss: 12471.91, average train loss: 13968.85, base loss: 19366.43
[INFO 2017-09-29 18:29:51,213 demo.py:73] epoch 163, train loss: 13384.18, average train loss: 13961.76, base loss: 19372.21
[INFO 2017-09-29 18:29:52,879 demo.py:73] epoch 164, train loss: 13400.17, average train loss: 13957.34, base loss: 19368.76
[INFO 2017-09-29 18:29:54,553 demo.py:73] epoch 165, train loss: 14640.85, average train loss: 13956.10, base loss: 19368.47
[INFO 2017-09-29 18:29:56,202 demo.py:73] epoch 166, train loss: 13967.01, average train loss: 13942.41, base loss: 19364.75
[INFO 2017-09-29 18:29:57,897 demo.py:73] epoch 167, train loss: 13252.19, average train loss: 13937.10, base loss: 19370.27
[INFO 2017-09-29 18:29:59,539 demo.py:73] epoch 168, train loss: 13292.20, average train loss: 13922.27, base loss: 19353.07
[INFO 2017-09-29 18:30:01,152 demo.py:73] epoch 169, train loss: 13400.54, average train loss: 13914.86, base loss: 19360.63
[INFO 2017-09-29 18:30:02,828 demo.py:73] epoch 170, train loss: 12761.44, average train loss: 13892.00, base loss: 19328.34
[INFO 2017-09-29 18:30:04,465 demo.py:73] epoch 171, train loss: 12988.50, average train loss: 13881.07, base loss: 19329.77
[INFO 2017-09-29 18:30:06,114 demo.py:73] epoch 172, train loss: 12783.41, average train loss: 13863.79, base loss: 19335.19
[INFO 2017-09-29 18:30:07,765 demo.py:73] epoch 173, train loss: 13436.39, average train loss: 13851.56, base loss: 19319.49
[INFO 2017-09-29 18:30:09,401 demo.py:73] epoch 174, train loss: 13374.09, average train loss: 13853.64, base loss: 19333.49
[INFO 2017-09-29 18:30:11,068 demo.py:73] epoch 175, train loss: 12930.21, average train loss: 13839.52, base loss: 19317.49
[INFO 2017-09-29 18:30:12,784 demo.py:73] epoch 176, train loss: 12775.20, average train loss: 13822.43, base loss: 19308.85
[INFO 2017-09-29 18:30:14,398 demo.py:73] epoch 177, train loss: 14276.89, average train loss: 13817.53, base loss: 19322.61
[INFO 2017-09-29 18:30:16,060 demo.py:73] epoch 178, train loss: 13660.42, average train loss: 13804.33, base loss: 19306.46
[INFO 2017-09-29 18:30:17,756 demo.py:73] epoch 179, train loss: 13464.16, average train loss: 13801.17, base loss: 19310.83
[INFO 2017-09-29 18:30:19,400 demo.py:73] epoch 180, train loss: 14749.93, average train loss: 13802.81, base loss: 19334.83
[INFO 2017-09-29 18:30:21,058 demo.py:73] epoch 181, train loss: 13705.71, average train loss: 13792.78, base loss: 19344.38
[INFO 2017-09-29 18:30:22,707 demo.py:73] epoch 182, train loss: 12958.76, average train loss: 13771.92, base loss: 19334.06
[INFO 2017-09-29 18:30:24,403 demo.py:73] epoch 183, train loss: 14146.70, average train loss: 13773.56, base loss: 19331.64
[INFO 2017-09-29 18:30:26,071 demo.py:73] epoch 184, train loss: 13686.71, average train loss: 13754.29, base loss: 19296.00
[INFO 2017-09-29 18:30:27,736 demo.py:73] epoch 185, train loss: 13393.94, average train loss: 13749.79, base loss: 19296.42
[INFO 2017-09-29 18:30:29,466 demo.py:73] epoch 186, train loss: 14827.74, average train loss: 13756.56, base loss: 19307.81
[INFO 2017-09-29 18:30:31,106 demo.py:73] epoch 187, train loss: 13753.90, average train loss: 13750.48, base loss: 19311.49
[INFO 2017-09-29 18:30:32,777 demo.py:73] epoch 188, train loss: 12454.52, average train loss: 13735.14, base loss: 19282.67
[INFO 2017-09-29 18:30:34,423 demo.py:73] epoch 189, train loss: 12871.45, average train loss: 13711.10, base loss: 19257.73
[INFO 2017-09-29 18:30:36,085 demo.py:73] epoch 190, train loss: 13839.69, average train loss: 13696.78, base loss: 19248.32
[INFO 2017-09-29 18:30:37,720 demo.py:73] epoch 191, train loss: 13417.61, average train loss: 13686.36, base loss: 19258.85
[INFO 2017-09-29 18:30:39,355 demo.py:73] epoch 192, train loss: 14837.88, average train loss: 13691.43, base loss: 19294.37
[INFO 2017-09-29 18:30:41,053 demo.py:73] epoch 193, train loss: 13854.65, average train loss: 13696.26, base loss: 19302.13
[INFO 2017-09-29 18:30:42,701 demo.py:73] epoch 194, train loss: 13348.59, average train loss: 13678.76, base loss: 19283.72
[INFO 2017-09-29 18:30:44,351 demo.py:73] epoch 195, train loss: 13896.63, average train loss: 13672.27, base loss: 19264.25
[INFO 2017-09-29 18:30:46,016 demo.py:73] epoch 196, train loss: 12592.62, average train loss: 13661.36, base loss: 19263.35
[INFO 2017-09-29 18:30:47,647 demo.py:73] epoch 197, train loss: 13291.77, average train loss: 13660.11, base loss: 19264.05
[INFO 2017-09-29 18:30:49,318 demo.py:73] epoch 198, train loss: 13402.28, average train loss: 13662.46, base loss: 19287.58
[INFO 2017-09-29 18:30:50,971 demo.py:73] epoch 199, train loss: 14093.27, average train loss: 13662.47, base loss: 19284.55
[INFO 2017-09-29 18:30:50,971 demo.py:75] epoch 199, testing
[INFO 2017-09-29 18:31:09,315 demo.py:131] average test loss: 18955.25, base loss: 22535.91
[INFO 2017-09-29 18:31:09,315 demo.py:132] improve_loss: 3580.66, improve_percent: 0.16
[INFO 2017-09-29 18:31:09,315 base_demo.py:121] model save to ./model.pth
[INFO 2017-09-29 18:31:09,326 base_demo.py:125] current best improved percent: 0.16
[INFO 2017-09-29 18:31:10,969 demo.py:73] epoch 200, train loss: 13745.90, average train loss: 13664.54, base loss: 19287.77
[INFO 2017-09-29 18:31:12,617 demo.py:73] epoch 201, train loss: 13261.43, average train loss: 13665.25, base loss: 19286.15
[INFO 2017-09-29 18:31:14,253 demo.py:73] epoch 202, train loss: 13450.71, average train loss: 13653.83, base loss: 19294.42
[INFO 2017-09-29 18:31:15,897 demo.py:73] epoch 203, train loss: 13290.44, average train loss: 13641.41, base loss: 19306.87
[INFO 2017-09-29 18:31:17,541 demo.py:73] epoch 204, train loss: 12875.95, average train loss: 13623.50, base loss: 19288.81
[INFO 2017-09-29 18:31:19,197 demo.py:73] epoch 205, train loss: 13106.14, average train loss: 13606.83, base loss: 19269.14
[INFO 2017-09-29 18:31:20,840 demo.py:73] epoch 206, train loss: 13935.29, average train loss: 13606.30, base loss: 19269.63
[INFO 2017-09-29 18:31:22,504 demo.py:73] epoch 207, train loss: 13298.66, average train loss: 13603.47, base loss: 19270.30
[INFO 2017-09-29 18:31:24,181 demo.py:73] epoch 208, train loss: 14101.52, average train loss: 13593.15, base loss: 19256.64
[INFO 2017-09-29 18:31:25,817 demo.py:73] epoch 209, train loss: 15029.51, average train loss: 13608.51, base loss: 19281.35
[INFO 2017-09-29 18:31:27,445 demo.py:73] epoch 210, train loss: 13253.29, average train loss: 13597.13, base loss: 19263.18
[INFO 2017-09-29 18:31:29,080 demo.py:73] epoch 211, train loss: 14114.59, average train loss: 13600.18, base loss: 19276.69
[INFO 2017-09-29 18:31:30,718 demo.py:73] epoch 212, train loss: 14168.94, average train loss: 13608.37, base loss: 19291.39
[INFO 2017-09-29 18:31:32,391 demo.py:73] epoch 213, train loss: 13660.27, average train loss: 13606.09, base loss: 19290.18
[INFO 2017-09-29 18:31:34,071 demo.py:73] epoch 214, train loss: 13322.97, average train loss: 13606.51, base loss: 19300.79
[INFO 2017-09-29 18:31:35,705 demo.py:73] epoch 215, train loss: 14635.62, average train loss: 13617.48, base loss: 19345.33
[INFO 2017-09-29 18:31:37,390 demo.py:73] epoch 216, train loss: 13428.07, average train loss: 13616.05, base loss: 19336.08
[INFO 2017-09-29 18:31:39,025 demo.py:73] epoch 217, train loss: 13389.42, average train loss: 13603.19, base loss: 19335.41
[INFO 2017-09-29 18:31:40,664 demo.py:73] epoch 218, train loss: 13574.62, average train loss: 13597.24, base loss: 19342.27
[INFO 2017-09-29 18:31:42,330 demo.py:73] epoch 219, train loss: 13268.44, average train loss: 13592.92, base loss: 19342.96
[INFO 2017-09-29 18:31:43,984 demo.py:73] epoch 220, train loss: 13377.95, average train loss: 13594.26, base loss: 19350.00
[INFO 2017-09-29 18:31:45,658 demo.py:73] epoch 221, train loss: 12611.06, average train loss: 13583.43, base loss: 19336.19
[INFO 2017-09-29 18:31:47,290 demo.py:73] epoch 222, train loss: 12659.38, average train loss: 13565.60, base loss: 19321.92
[INFO 2017-09-29 18:31:48,905 demo.py:73] epoch 223, train loss: 13306.67, average train loss: 13552.44, base loss: 19313.54
[INFO 2017-09-29 18:31:50,551 demo.py:73] epoch 224, train loss: 13979.30, average train loss: 13541.47, base loss: 19313.69
[INFO 2017-09-29 18:31:52,185 demo.py:73] epoch 225, train loss: 13561.90, average train loss: 13552.58, base loss: 19339.61
[INFO 2017-09-29 18:31:53,896 demo.py:73] epoch 226, train loss: 13301.57, average train loss: 13554.15, base loss: 19344.43
[INFO 2017-09-29 18:31:55,541 demo.py:73] epoch 227, train loss: 13386.32, average train loss: 13549.07, base loss: 19353.60
[INFO 2017-09-29 18:31:57,154 demo.py:73] epoch 228, train loss: 13624.70, average train loss: 13548.62, base loss: 19384.86
[INFO 2017-09-29 18:31:58,821 demo.py:73] epoch 229, train loss: 13678.23, average train loss: 13541.30, base loss: 19373.73
[INFO 2017-09-29 18:32:00,464 demo.py:73] epoch 230, train loss: 11801.92, average train loss: 13522.82, base loss: 19342.92
[INFO 2017-09-29 18:32:02,102 demo.py:73] epoch 231, train loss: 14077.38, average train loss: 13531.59, base loss: 19365.58
[INFO 2017-09-29 18:32:03,754 demo.py:73] epoch 232, train loss: 14436.15, average train loss: 13550.34, base loss: 19400.49
[INFO 2017-09-29 18:32:05,421 demo.py:73] epoch 233, train loss: 13971.08, average train loss: 13556.74, base loss: 19417.22
[INFO 2017-09-29 18:32:07,041 demo.py:73] epoch 234, train loss: 12339.53, average train loss: 13551.12, base loss: 19426.80
[INFO 2017-09-29 18:32:08,663 demo.py:73] epoch 235, train loss: 13892.87, average train loss: 13546.83, base loss: 19441.79
[INFO 2017-09-29 18:32:10,289 demo.py:73] epoch 236, train loss: 12130.68, average train loss: 13539.82, base loss: 19441.39
[INFO 2017-09-29 18:32:11,924 demo.py:73] epoch 237, train loss: 13678.17, average train loss: 13536.69, base loss: 19424.51
[INFO 2017-09-29 18:32:13,554 demo.py:73] epoch 238, train loss: 14049.14, average train loss: 13544.85, base loss: 19468.68
[INFO 2017-09-29 18:32:15,182 demo.py:73] epoch 239, train loss: 14287.41, average train loss: 13550.02, base loss: 19488.39
[INFO 2017-09-29 18:32:16,817 demo.py:73] epoch 240, train loss: 12364.92, average train loss: 13536.11, base loss: 19484.38
[INFO 2017-09-29 18:32:18,463 demo.py:73] epoch 241, train loss: 13446.30, average train loss: 13517.13, base loss: 19465.33
[INFO 2017-09-29 18:32:20,109 demo.py:73] epoch 242, train loss: 13221.48, average train loss: 13511.18, base loss: 19473.01
[INFO 2017-09-29 18:32:21,757 demo.py:73] epoch 243, train loss: 13521.45, average train loss: 13502.75, base loss: 19474.73
[INFO 2017-09-29 18:32:23,441 demo.py:73] epoch 244, train loss: 13074.27, average train loss: 13491.96, base loss: 19456.25
[INFO 2017-09-29 18:32:25,094 demo.py:73] epoch 245, train loss: 13266.57, average train loss: 13486.92, base loss: 19442.21
[INFO 2017-09-29 18:32:26,754 demo.py:73] epoch 246, train loss: 13063.95, average train loss: 13482.47, base loss: 19443.55
[INFO 2017-09-29 18:32:28,397 demo.py:73] epoch 247, train loss: 13720.74, average train loss: 13478.63, base loss: 19450.35
[INFO 2017-09-29 18:32:30,065 demo.py:73] epoch 248, train loss: 13327.95, average train loss: 13485.23, base loss: 19464.30
[INFO 2017-09-29 18:32:31,737 demo.py:73] epoch 249, train loss: 12351.61, average train loss: 13469.60, base loss: 19428.51
[INFO 2017-09-29 18:32:33,427 demo.py:73] epoch 250, train loss: 12736.44, average train loss: 13462.74, base loss: 19419.03
[INFO 2017-09-29 18:32:35,073 demo.py:73] epoch 251, train loss: 13572.48, average train loss: 13474.47, base loss: 19441.96
[INFO 2017-09-29 18:32:36,758 demo.py:73] epoch 252, train loss: 12687.97, average train loss: 13466.10, base loss: 19423.33
[INFO 2017-09-29 18:32:38,421 demo.py:73] epoch 253, train loss: 13452.24, average train loss: 13460.67, base loss: 19430.72
[INFO 2017-09-29 18:32:40,089 demo.py:73] epoch 254, train loss: 13022.46, average train loss: 13448.00, base loss: 19417.71
[INFO 2017-09-29 18:32:41,705 demo.py:73] epoch 255, train loss: 12664.70, average train loss: 13443.57, base loss: 19423.69
[INFO 2017-09-29 18:32:43,349 demo.py:73] epoch 256, train loss: 13860.42, average train loss: 13451.63, base loss: 19454.76
[INFO 2017-09-29 18:32:44,981 demo.py:73] epoch 257, train loss: 12884.59, average train loss: 13434.05, base loss: 19442.70
[INFO 2017-09-29 18:32:46,642 demo.py:73] epoch 258, train loss: 13401.05, average train loss: 13432.46, base loss: 19434.09
[INFO 2017-09-29 18:32:48,265 demo.py:73] epoch 259, train loss: 12831.72, average train loss: 13426.47, base loss: 19421.72
[INFO 2017-09-29 18:32:49,897 demo.py:73] epoch 260, train loss: 13100.30, average train loss: 13427.68, base loss: 19431.76
[INFO 2017-09-29 18:32:51,521 demo.py:73] epoch 261, train loss: 12676.45, average train loss: 13426.97, base loss: 19438.64
[INFO 2017-09-29 18:32:53,129 demo.py:73] epoch 262, train loss: 13062.81, average train loss: 13432.88, base loss: 19449.01
[INFO 2017-09-29 18:32:54,784 demo.py:73] epoch 263, train loss: 13148.62, average train loss: 13430.53, base loss: 19445.05
[INFO 2017-09-29 18:32:56,431 demo.py:73] epoch 264, train loss: 14147.24, average train loss: 13438.00, base loss: 19458.03
[INFO 2017-09-29 18:32:58,108 demo.py:73] epoch 265, train loss: 13725.09, average train loss: 13428.84, base loss: 19452.49
[INFO 2017-09-29 18:32:59,760 demo.py:73] epoch 266, train loss: 13441.26, average train loss: 13423.58, base loss: 19435.62
[INFO 2017-09-29 18:33:01,394 demo.py:73] epoch 267, train loss: 13554.64, average train loss: 13426.61, base loss: 19438.89
[INFO 2017-09-29 18:33:03,038 demo.py:73] epoch 268, train loss: 14649.30, average train loss: 13440.18, base loss: 19459.10
[INFO 2017-09-29 18:33:04,729 demo.py:73] epoch 269, train loss: 14162.44, average train loss: 13447.80, base loss: 19463.82
[INFO 2017-09-29 18:33:06,360 demo.py:73] epoch 270, train loss: 12800.50, average train loss: 13448.19, base loss: 19467.13
[INFO 2017-09-29 18:33:08,014 demo.py:73] epoch 271, train loss: 13360.19, average train loss: 13451.90, base loss: 19475.33
[INFO 2017-09-29 18:33:09,665 demo.py:73] epoch 272, train loss: 13466.08, average train loss: 13458.73, base loss: 19477.30
[INFO 2017-09-29 18:33:11,337 demo.py:73] epoch 273, train loss: 13942.89, average train loss: 13463.80, base loss: 19484.17
[INFO 2017-09-29 18:33:12,975 demo.py:73] epoch 274, train loss: 13516.10, average train loss: 13465.22, base loss: 19477.11
[INFO 2017-09-29 18:33:14,618 demo.py:73] epoch 275, train loss: 12841.12, average train loss: 13464.33, base loss: 19477.83
[INFO 2017-09-29 18:33:16,259 demo.py:73] epoch 276, train loss: 12615.40, average train loss: 13462.73, base loss: 19473.88
[INFO 2017-09-29 18:33:17,899 demo.py:73] epoch 277, train loss: 12821.64, average train loss: 13448.17, base loss: 19450.40
[INFO 2017-09-29 18:33:19,552 demo.py:73] epoch 278, train loss: 13417.84, average train loss: 13445.75, base loss: 19452.88
[INFO 2017-09-29 18:33:21,195 demo.py:73] epoch 279, train loss: 12855.78, average train loss: 13439.67, base loss: 19434.72
[INFO 2017-09-29 18:33:22,834 demo.py:73] epoch 280, train loss: 13415.09, average train loss: 13426.32, base loss: 19429.25
[INFO 2017-09-29 18:33:24,461 demo.py:73] epoch 281, train loss: 14507.17, average train loss: 13434.33, base loss: 19437.61
[INFO 2017-09-29 18:33:26,125 demo.py:73] epoch 282, train loss: 12853.49, average train loss: 13433.28, base loss: 19429.10
[INFO 2017-09-29 18:33:27,777 demo.py:73] epoch 283, train loss: 13554.43, average train loss: 13427.36, base loss: 19443.13
[INFO 2017-09-29 18:33:29,445 demo.py:73] epoch 284, train loss: 12730.34, average train loss: 13417.79, base loss: 19441.24
[INFO 2017-09-29 18:33:31,078 demo.py:73] epoch 285, train loss: 13273.40, average train loss: 13416.59, base loss: 19451.94
[INFO 2017-09-29 18:33:32,780 demo.py:73] epoch 286, train loss: 13449.05, average train loss: 13402.80, base loss: 19443.72
[INFO 2017-09-29 18:33:34,432 demo.py:73] epoch 287, train loss: 13338.83, average train loss: 13398.65, base loss: 19435.01
[INFO 2017-09-29 18:33:36,102 demo.py:73] epoch 288, train loss: 13293.03, average train loss: 13407.03, base loss: 19459.73
[INFO 2017-09-29 18:33:37,745 demo.py:73] epoch 289, train loss: 13361.83, average train loss: 13411.94, base loss: 19462.00
[INFO 2017-09-29 18:33:39,398 demo.py:73] epoch 290, train loss: 12556.71, average train loss: 13399.11, base loss: 19436.41
[INFO 2017-09-29 18:33:41,064 demo.py:73] epoch 291, train loss: 13159.45, average train loss: 13396.53, base loss: 19413.50
[INFO 2017-09-29 18:33:42,715 demo.py:73] epoch 292, train loss: 14016.51, average train loss: 13388.31, base loss: 19375.28
[INFO 2017-09-29 18:33:44,386 demo.py:73] epoch 293, train loss: 13567.66, average train loss: 13385.44, base loss: 19371.03
[INFO 2017-09-29 18:33:46,015 demo.py:73] epoch 294, train loss: 13771.05, average train loss: 13389.67, base loss: 19392.70
[INFO 2017-09-29 18:33:47,670 demo.py:73] epoch 295, train loss: 13071.49, average train loss: 13381.42, base loss: 19408.02
[INFO 2017-09-29 18:33:49,317 demo.py:73] epoch 296, train loss: 12712.03, average train loss: 13382.61, base loss: 19409.41
[INFO 2017-09-29 18:33:50,994 demo.py:73] epoch 297, train loss: 13490.21, average train loss: 13384.60, base loss: 19389.39
[INFO 2017-09-29 18:33:52,630 demo.py:73] epoch 298, train loss: 13442.35, average train loss: 13385.00, base loss: 19407.07
[INFO 2017-09-29 18:33:54,290 demo.py:73] epoch 299, train loss: 12489.94, average train loss: 13368.96, base loss: 19384.29
[INFO 2017-09-29 18:33:55,937 demo.py:73] epoch 300, train loss: 13049.35, average train loss: 13362.00, base loss: 19379.92
[INFO 2017-09-29 18:33:57,594 demo.py:73] epoch 301, train loss: 12967.07, average train loss: 13359.05, base loss: 19383.72
[INFO 2017-09-29 18:33:59,247 demo.py:73] epoch 302, train loss: 13036.66, average train loss: 13354.91, base loss: 19379.95
[INFO 2017-09-29 18:34:00,876 demo.py:73] epoch 303, train loss: 14127.51, average train loss: 13363.28, base loss: 19377.14
[INFO 2017-09-29 18:34:02,528 demo.py:73] epoch 304, train loss: 13911.65, average train loss: 13373.64, base loss: 19422.21
[INFO 2017-09-29 18:34:04,168 demo.py:73] epoch 305, train loss: 13087.31, average train loss: 13373.45, base loss: 19431.28
[INFO 2017-09-29 18:34:05,829 demo.py:73] epoch 306, train loss: 13460.31, average train loss: 13368.70, base loss: 19433.32
[INFO 2017-09-29 18:34:07,442 demo.py:73] epoch 307, train loss: 12784.60, average train loss: 13363.56, base loss: 19423.79
[INFO 2017-09-29 18:34:09,083 demo.py:73] epoch 308, train loss: 13508.29, average train loss: 13357.63, base loss: 19422.01
[INFO 2017-09-29 18:34:10,744 demo.py:73] epoch 309, train loss: 13295.47, average train loss: 13340.29, base loss: 19394.11
[INFO 2017-09-29 18:34:12,430 demo.py:73] epoch 310, train loss: 12375.07, average train loss: 13331.51, base loss: 19393.73
[INFO 2017-09-29 18:34:14,105 demo.py:73] epoch 311, train loss: 12518.95, average train loss: 13315.55, base loss: 19379.11
[INFO 2017-09-29 18:34:15,701 demo.py:73] epoch 312, train loss: 13267.90, average train loss: 13306.54, base loss: 19363.48
[INFO 2017-09-29 18:34:17,353 demo.py:73] epoch 313, train loss: 13752.12, average train loss: 13307.46, base loss: 19390.48
[INFO 2017-09-29 18:34:18,991 demo.py:73] epoch 314, train loss: 12893.95, average train loss: 13303.17, base loss: 19384.42
[INFO 2017-09-29 18:34:20,636 demo.py:73] epoch 315, train loss: 13802.67, average train loss: 13294.84, base loss: 19369.61
[INFO 2017-09-29 18:34:22,287 demo.py:73] epoch 316, train loss: 13605.25, average train loss: 13296.61, base loss: 19383.96
[INFO 2017-09-29 18:34:23,954 demo.py:73] epoch 317, train loss: 12978.28, average train loss: 13292.50, base loss: 19373.17
[INFO 2017-09-29 18:34:25,588 demo.py:73] epoch 318, train loss: 13054.09, average train loss: 13287.29, base loss: 19349.45
[INFO 2017-09-29 18:34:27,252 demo.py:73] epoch 319, train loss: 13102.56, average train loss: 13285.63, base loss: 19357.63
[INFO 2017-09-29 18:34:28,890 demo.py:73] epoch 320, train loss: 13341.58, average train loss: 13285.27, base loss: 19374.74
[INFO 2017-09-29 18:34:30,531 demo.py:73] epoch 321, train loss: 12891.51, average train loss: 13288.08, base loss: 19376.77
[INFO 2017-09-29 18:34:32,189 demo.py:73] epoch 322, train loss: 12555.44, average train loss: 13287.04, base loss: 19388.97
[INFO 2017-09-29 18:34:33,838 demo.py:73] epoch 323, train loss: 12418.96, average train loss: 13278.16, base loss: 19372.11
[INFO 2017-09-29 18:34:35,472 demo.py:73] epoch 324, train loss: 13416.06, average train loss: 13272.53, base loss: 19365.23
[INFO 2017-09-29 18:34:37,118 demo.py:73] epoch 325, train loss: 12415.46, average train loss: 13261.06, base loss: 19354.85
[INFO 2017-09-29 18:34:38,796 demo.py:73] epoch 326, train loss: 13129.27, average train loss: 13259.34, base loss: 19359.16
[INFO 2017-09-29 18:34:40,474 demo.py:73] epoch 327, train loss: 12550.92, average train loss: 13250.99, base loss: 19353.15
[INFO 2017-09-29 18:34:42,158 demo.py:73] epoch 328, train loss: 12682.00, average train loss: 13241.56, base loss: 19344.28
[INFO 2017-09-29 18:34:43,791 demo.py:73] epoch 329, train loss: 12981.94, average train loss: 13234.60, base loss: 19342.26
[INFO 2017-09-29 18:34:45,452 demo.py:73] epoch 330, train loss: 13215.59, average train loss: 13248.73, base loss: 19383.07
[INFO 2017-09-29 18:34:47,121 demo.py:73] epoch 331, train loss: 11722.53, average train loss: 13225.18, base loss: 19355.20
[INFO 2017-09-29 18:34:48,759 demo.py:73] epoch 332, train loss: 12429.01, average train loss: 13205.11, base loss: 19314.36
[INFO 2017-09-29 18:34:50,391 demo.py:73] epoch 333, train loss: 13227.60, average train loss: 13197.68, base loss: 19296.46
[INFO 2017-09-29 18:34:52,056 demo.py:73] epoch 334, train loss: 13538.46, average train loss: 13209.67, base loss: 19302.77
[INFO 2017-09-29 18:34:53,714 demo.py:73] epoch 335, train loss: 12527.23, average train loss: 13196.01, base loss: 19273.87
[INFO 2017-09-29 18:34:55,356 demo.py:73] epoch 336, train loss: 13795.48, average train loss: 13212.66, base loss: 19304.69
[INFO 2017-09-29 18:34:57,022 demo.py:73] epoch 337, train loss: 12748.79, average train loss: 13203.36, base loss: 19317.09
[INFO 2017-09-29 18:34:58,648 demo.py:73] epoch 338, train loss: 14020.56, average train loss: 13203.08, base loss: 19312.16
[INFO 2017-09-29 18:35:00,271 demo.py:73] epoch 339, train loss: 13260.20, average train loss: 13192.81, base loss: 19279.14
[INFO 2017-09-29 18:35:01,935 demo.py:73] epoch 340, train loss: 11832.58, average train loss: 13187.48, base loss: 19270.52
[INFO 2017-09-29 18:35:03,565 demo.py:73] epoch 341, train loss: 13225.27, average train loss: 13185.27, base loss: 19258.76
[INFO 2017-09-29 18:35:05,200 demo.py:73] epoch 342, train loss: 12983.07, average train loss: 13182.89, base loss: 19241.54
[INFO 2017-09-29 18:35:06,878 demo.py:73] epoch 343, train loss: 13569.36, average train loss: 13183.37, base loss: 19253.85
[INFO 2017-09-29 18:35:08,554 demo.py:73] epoch 344, train loss: 13154.36, average train loss: 13184.17, base loss: 19271.64
[INFO 2017-09-29 18:35:10,226 demo.py:73] epoch 345, train loss: 12655.00, average train loss: 13178.05, base loss: 19274.66
[INFO 2017-09-29 18:35:11,937 demo.py:73] epoch 346, train loss: 12278.31, average train loss: 13170.20, base loss: 19251.65
[INFO 2017-09-29 18:35:13,618 demo.py:73] epoch 347, train loss: 12981.29, average train loss: 13162.80, base loss: 19234.69
[INFO 2017-09-29 18:35:15,265 demo.py:73] epoch 348, train loss: 12616.03, average train loss: 13155.68, base loss: 19221.90
[INFO 2017-09-29 18:35:16,917 demo.py:73] epoch 349, train loss: 13516.47, average train loss: 13167.33, base loss: 19263.42
[INFO 2017-09-29 18:35:18,576 demo.py:73] epoch 350, train loss: 13517.16, average train loss: 13175.14, base loss: 19292.17
[INFO 2017-09-29 18:35:20,296 demo.py:73] epoch 351, train loss: 13359.96, average train loss: 13173.01, base loss: 19293.67
[INFO 2017-09-29 18:35:21,949 demo.py:73] epoch 352, train loss: 12746.28, average train loss: 13173.60, base loss: 19307.07
[INFO 2017-09-29 18:35:23,607 demo.py:73] epoch 353, train loss: 12293.62, average train loss: 13162.01, base loss: 19302.70
[INFO 2017-09-29 18:35:25,244 demo.py:73] epoch 354, train loss: 12133.77, average train loss: 13153.12, base loss: 19306.27
[INFO 2017-09-29 18:35:26,875 demo.py:73] epoch 355, train loss: 13788.53, average train loss: 13164.36, base loss: 19329.31
[INFO 2017-09-29 18:35:28,556 demo.py:73] epoch 356, train loss: 13189.26, average train loss: 13157.65, base loss: 19328.86
[INFO 2017-09-29 18:35:30,227 demo.py:73] epoch 357, train loss: 12981.66, average train loss: 13158.62, base loss: 19331.23
[INFO 2017-09-29 18:35:31,918 demo.py:73] epoch 358, train loss: 11981.08, average train loss: 13144.42, base loss: 19303.49
[INFO 2017-09-29 18:35:33,574 demo.py:73] epoch 359, train loss: 13207.21, average train loss: 13148.18, base loss: 19325.85
[INFO 2017-09-29 18:35:35,234 demo.py:73] epoch 360, train loss: 12967.59, average train loss: 13146.85, base loss: 19316.83
[INFO 2017-09-29 18:35:36,966 demo.py:73] epoch 361, train loss: 12661.83, average train loss: 13146.70, base loss: 19318.91
[INFO 2017-09-29 18:35:38,621 demo.py:73] epoch 362, train loss: 12918.43, average train loss: 13145.26, base loss: 19324.12
[INFO 2017-09-29 18:35:40,311 demo.py:73] epoch 363, train loss: 13269.62, average train loss: 13146.47, base loss: 19336.32
[INFO 2017-09-29 18:35:41,984 demo.py:73] epoch 364, train loss: 13003.07, average train loss: 13135.03, base loss: 19334.24
[INFO 2017-09-29 18:35:43,633 demo.py:73] epoch 365, train loss: 13214.74, average train loss: 13129.92, base loss: 19347.75
[INFO 2017-09-29 18:35:45,283 demo.py:73] epoch 366, train loss: 11689.95, average train loss: 13112.41, base loss: 19342.23
[INFO 2017-09-29 18:35:46,941 demo.py:73] epoch 367, train loss: 13751.94, average train loss: 13114.38, base loss: 19353.09
[INFO 2017-09-29 18:35:48,662 demo.py:73] epoch 368, train loss: 12662.35, average train loss: 13094.51, base loss: 19340.39
[INFO 2017-09-29 18:35:50,313 demo.py:73] epoch 369, train loss: 12813.33, average train loss: 13081.02, base loss: 19333.37
[INFO 2017-09-29 18:35:52,034 demo.py:73] epoch 370, train loss: 12812.42, average train loss: 13081.14, base loss: 19329.74
[INFO 2017-09-29 18:35:53,680 demo.py:73] epoch 371, train loss: 12358.63, average train loss: 13071.13, base loss: 19314.52
[INFO 2017-09-29 18:35:55,354 demo.py:73] epoch 372, train loss: 12716.91, average train loss: 13063.64, base loss: 19307.68
[INFO 2017-09-29 18:35:56,991 demo.py:73] epoch 373, train loss: 12800.19, average train loss: 13052.21, base loss: 19308.47
[INFO 2017-09-29 18:35:58,682 demo.py:73] epoch 374, train loss: 12966.27, average train loss: 13046.71, base loss: 19320.56
[INFO 2017-09-29 18:36:00,323 demo.py:73] epoch 375, train loss: 13634.55, average train loss: 13054.64, base loss: 19328.04
[INFO 2017-09-29 18:36:01,987 demo.py:73] epoch 376, train loss: 13741.86, average train loss: 13065.91, base loss: 19366.26
[INFO 2017-09-29 18:36:03,638 demo.py:73] epoch 377, train loss: 12837.75, average train loss: 13066.07, base loss: 19372.03
[INFO 2017-09-29 18:36:05,294 demo.py:73] epoch 378, train loss: 12749.14, average train loss: 13059.38, base loss: 19373.47
[INFO 2017-09-29 18:36:06,941 demo.py:73] epoch 379, train loss: 13881.26, average train loss: 13069.64, base loss: 19396.75
[INFO 2017-09-29 18:36:08,601 demo.py:73] epoch 380, train loss: 13571.18, average train loss: 13071.20, base loss: 19396.11
[INFO 2017-09-29 18:36:10,296 demo.py:73] epoch 381, train loss: 14088.62, average train loss: 13067.01, base loss: 19402.42
[INFO 2017-09-29 18:36:11,935 demo.py:73] epoch 382, train loss: 13272.57, average train loss: 13071.20, base loss: 19420.27
[INFO 2017-09-29 18:36:13,588 demo.py:73] epoch 383, train loss: 13129.16, average train loss: 13066.95, base loss: 19423.38
[INFO 2017-09-29 18:36:15,254 demo.py:73] epoch 384, train loss: 12884.68, average train loss: 13068.49, base loss: 19422.68
[INFO 2017-09-29 18:36:16,896 demo.py:73] epoch 385, train loss: 12924.29, average train loss: 13065.00, base loss: 19422.33
[INFO 2017-09-29 18:36:18,579 demo.py:73] epoch 386, train loss: 12010.87, average train loss: 13050.62, base loss: 19403.85
[INFO 2017-09-29 18:36:20,238 demo.py:73] epoch 387, train loss: 13004.74, average train loss: 13047.28, base loss: 19405.61
[INFO 2017-09-29 18:36:21,898 demo.py:73] epoch 388, train loss: 12716.04, average train loss: 13041.51, base loss: 19398.18
[INFO 2017-09-29 18:36:23,513 demo.py:73] epoch 389, train loss: 13522.04, average train loss: 13043.11, base loss: 19417.04
[INFO 2017-09-29 18:36:25,123 demo.py:73] epoch 390, train loss: 12948.01, average train loss: 13047.03, base loss: 19430.62
[INFO 2017-09-29 18:36:26,764 demo.py:73] epoch 391, train loss: 13040.87, average train loss: 13045.84, base loss: 19442.83
[INFO 2017-09-29 18:36:28,368 demo.py:73] epoch 392, train loss: 12497.33, average train loss: 13030.65, base loss: 19433.46
[INFO 2017-09-29 18:36:29,993 demo.py:73] epoch 393, train loss: 13091.87, average train loss: 13025.89, base loss: 19442.04
[INFO 2017-09-29 18:36:31,644 demo.py:73] epoch 394, train loss: 13054.54, average train loss: 13018.73, base loss: 19439.56
[INFO 2017-09-29 18:36:33,292 demo.py:73] epoch 395, train loss: 12960.07, average train loss: 13017.61, base loss: 19441.56
[INFO 2017-09-29 18:36:34,939 demo.py:73] epoch 396, train loss: 12186.00, average train loss: 13012.35, base loss: 19433.77
[INFO 2017-09-29 18:36:36,595 demo.py:73] epoch 397, train loss: 13249.63, average train loss: 13009.95, base loss: 19450.03
[INFO 2017-09-29 18:36:38,220 demo.py:73] epoch 398, train loss: 12922.30, average train loss: 13004.74, base loss: 19424.91
[INFO 2017-09-29 18:36:39,862 demo.py:73] epoch 399, train loss: 12096.20, average train loss: 13000.81, base loss: 19428.34
[INFO 2017-09-29 18:36:39,862 demo.py:75] epoch 399, testing
[INFO 2017-09-29 18:36:58,123 demo.py:131] average test loss: 18776.29, base loss: 22696.30
[INFO 2017-09-29 18:36:58,123 demo.py:132] improve_loss: 3920.02, improve_percent: 0.17
[INFO 2017-09-29 18:36:58,123 base_demo.py:121] model save to ./model.pth
[INFO 2017-09-29 18:36:58,135 base_demo.py:125] current best improved percent: 0.17
[INFO 2017-09-29 18:36:59,788 demo.py:73] epoch 400, train loss: 12683.66, average train loss: 12997.15, base loss: 19422.58
[INFO 2017-09-29 18:37:01,428 demo.py:73] epoch 401, train loss: 13662.38, average train loss: 13004.10, base loss: 19451.41
[INFO 2017-09-29 18:37:03,041 demo.py:73] epoch 402, train loss: 13048.91, average train loss: 13004.23, base loss: 19453.36
[INFO 2017-09-29 18:37:04,721 demo.py:73] epoch 403, train loss: 12810.03, average train loss: 12991.05, base loss: 19449.91
[INFO 2017-09-29 18:37:06,354 demo.py:73] epoch 404, train loss: 12758.09, average train loss: 12979.52, base loss: 19429.49
[INFO 2017-09-29 18:37:07,993 demo.py:73] epoch 405, train loss: 12437.95, average train loss: 12973.02, base loss: 19417.75
[INFO 2017-09-29 18:37:09,640 demo.py:73] epoch 406, train loss: 12126.81, average train loss: 12959.69, base loss: 19408.29
[INFO 2017-09-29 18:37:11,279 demo.py:73] epoch 407, train loss: 12077.98, average train loss: 12952.62, base loss: 19405.03
[INFO 2017-09-29 18:37:12,933 demo.py:73] epoch 408, train loss: 12699.36, average train loss: 12944.53, base loss: 19416.24
[INFO 2017-09-29 18:37:14,563 demo.py:73] epoch 409, train loss: 12199.91, average train loss: 12933.58, base loss: 19420.34
[INFO 2017-09-29 18:37:16,296 demo.py:73] epoch 410, train loss: 12870.56, average train loss: 12938.53, base loss: 19428.55
[INFO 2017-09-29 18:37:17,952 demo.py:73] epoch 411, train loss: 11969.83, average train loss: 12933.04, base loss: 19420.83
[INFO 2017-09-29 18:37:19,620 demo.py:73] epoch 412, train loss: 12927.93, average train loss: 12929.64, base loss: 19429.36
[INFO 2017-09-29 18:37:21,245 demo.py:73] epoch 413, train loss: 12764.67, average train loss: 12919.77, base loss: 19402.13
[INFO 2017-09-29 18:37:22,879 demo.py:73] epoch 414, train loss: 12311.02, average train loss: 12913.94, base loss: 19397.65
[INFO 2017-09-29 18:37:24,506 demo.py:73] epoch 415, train loss: 12178.27, average train loss: 12897.69, base loss: 19367.22
[INFO 2017-09-29 18:37:26,135 demo.py:73] epoch 416, train loss: 12452.38, average train loss: 12886.16, base loss: 19345.63
[INFO 2017-09-29 18:37:27,761 demo.py:73] epoch 417, train loss: 13431.32, average train loss: 12890.69, base loss: 19354.25
[INFO 2017-09-29 18:37:29,389 demo.py:73] epoch 418, train loss: 13721.64, average train loss: 12897.37, base loss: 19379.87
[INFO 2017-09-29 18:37:31,040 demo.py:73] epoch 419, train loss: 13173.46, average train loss: 12898.08, base loss: 19376.72
[INFO 2017-09-29 18:37:32,674 demo.py:73] epoch 420, train loss: 12436.06, average train loss: 12889.02, base loss: 19355.83
